2020-07-13 16:34:21:481  [TID       1180][INFO    ] Default Logger initialized [dmvcframework]
2020-07-13 16:34:21:496  [TID       1180][INFO    ] Server started on port 9000 [dmvcframework]
2020-07-13 16:35:04:326  [TID       8820][INFO    ] ENTER: Config default values [dmvcframework]
2020-07-13 16:35:04:326  [TID       8820][INFO    ] EXIT: Config default values [dmvcframework]
2020-07-13 16:35:04:326  [TID       8820][INFO    ] >> Custom configuration method [dmvcframework]
2020-07-13 16:35:04:326  [TID       8820][INFO    ] << Custom configuration method [dmvcframework]
2020-07-13 16:35:16:442  [TID       8820][ERROR   ] [EMVCException] Invalid parameter AGuid for action GetServer (Hint: Here parameters names are case-sensitive) (Custom message: "") [dmvcframework]
2020-07-13 16:38:01:263  [TID       3580][ERROR   ] [EMVCException] Invalid parameter AGuid for action GetServer (Hint: Here parameters names are case-sensitive) (Custom message: "") [dmvcframework]
2020-07-13 16:44:18:647  [TID      10932][ERROR   ] [EMVCException] Invalid parameter AGuid for action GetServer (Hint: Here parameters names are case-sensitive) (Custom message: "") [dmvcframework]
2020-07-13 16:52:28:124  [TID      11936][ERROR   ] [EMVCException] Invalid parameter AGuid for action GetServer (Hint: Here parameters names are case-sensitive) (Custom message: "") [dmvcframework]
2020-07-13 16:52:30:030  [TID      11536][INFO    ] ENTER: Config default values [dmvcframework]
2020-07-13 16:52:30:036  [TID      11536][INFO    ] EXIT: Config default values [dmvcframework]
2020-07-13 16:52:30:036  [TID      11536][INFO    ] >> Custom configuration method [dmvcframework]
2020-07-13 16:52:30:036  [TID      11536][INFO    ] << Custom configuration method [dmvcframework]
2020-07-13 16:52:38:796  [TID      11536][ERROR   ] [EMVCException] Invalid parameter AGuid for action GetServer (Hint: Here parameters names are case-sensitive) (Custom message: "") [dmvcframework]
2020-07-13 16:52:51:177  [TID       8232][ERROR   ] [EMVCException] Invalid parameter AGuid for action GetServer (Hint: Here parameters names are case-sensitive) (Custom message: "") [dmvcframework]
2020-07-13 16:54:16:412  [TID      10584][INFO    ] Default Logger initialized [dmvcframework]
2020-07-13 16:54:16:426  [TID      10584][INFO    ] Server started on port 9000 [dmvcframework]
2020-07-13 16:54:20:630  [TID      11072][INFO    ] ENTER: Config default values [dmvcframework]
2020-07-13 16:54:20:630  [TID      11072][INFO    ] EXIT: Config default values [dmvcframework]
2020-07-13 16:54:20:630  [TID      11072][INFO    ] >> Custom configuration method [dmvcframework]
2020-07-13 16:54:20:630  [TID      11072][INFO    ] << Custom configuration method [dmvcframework]
2020-07-13 16:54:36:315  [TID      11072][ERROR   ] [EMVCActiveRecordNotFound] Data not found (Custom message: "") [dmvcframework]
2020-07-13 16:55:13:435  [TID       5908][ERROR   ] [EFDException] [FireDAC][DatS]-32. Variable length column [guid] overflow. Value length - [38], column maximum length - [36] (Custom message: "Global Action Exception Handler") [dmvcframework]
2020-07-13 17:00:29:962  [TID       7448][INFO    ] Default Logger initialized [dmvcframework]
2020-07-13 17:00:29:980  [TID       7448][INFO    ] Server started on port 9000 [dmvcframework]
2020-07-13 17:00:35:716  [TID      11772][INFO    ] ENTER: Config default values [dmvcframework]
2020-07-13 17:00:35:716  [TID      11772][INFO    ] EXIT: Config default values [dmvcframework]
2020-07-13 17:00:35:716  [TID      11772][INFO    ] >> Custom configuration method [dmvcframework]
2020-07-13 17:00:35:716  [TID      11772][INFO    ] << Custom configuration method [dmvcframework]
2020-07-13 17:00:35:726  [TID      11772][INFO    ] GET:/api/servers [0:0:0:0:0:0:0:1] -> Controller.Server.TServerController.GetServers - 200 OK [dmvcframework]
2020-07-13 17:02:47:346  [TID      11376][INFO    ] Default Logger initialized [dmvcframework]
2020-07-13 17:02:47:357  [TID      11376][INFO    ] Server started on port 9000 [dmvcframework]
2020-07-13 17:02:54:761  [TID      10580][INFO    ] ENTER: Config default values [dmvcframework]
2020-07-13 17:02:54:761  [TID      10580][INFO    ] EXIT: Config default values [dmvcframework]
2020-07-13 17:02:54:761  [TID      10580][INFO    ] >> Custom configuration method [dmvcframework]
2020-07-13 17:02:54:761  [TID      10580][INFO    ] << Custom configuration method [dmvcframework]
2020-07-13 17:03:30:585  [TID      10580][ERROR   ] [EInvalidCast] Invalid class typecast (Custom message: "Global Action Exception Handler") [dmvcframework]
2020-07-13 17:04:17:476  [TID      10116][ERROR   ] [EInvalidCast] Invalid class typecast (Custom message: "Global Action Exception Handler") [dmvcframework]
2020-07-13 17:05:49:496  [TID       8788][ERROR   ] [EInvalidCast] Invalid class typecast (Custom message: "Global Action Exception Handler") [dmvcframework]
2020-07-13 17:17:01:480  [TID       6224][INFO    ] Default Logger initialized [dmvcframework]
2020-07-13 17:17:01:498  [TID       6224][INFO    ] Server started on port 9000 [dmvcframework]
2020-07-13 17:17:05:573  [TID       6032][INFO    ] ENTER: Config default values [dmvcframework]
2020-07-13 17:17:05:573  [TID       6032][INFO    ] EXIT: Config default values [dmvcframework]
2020-07-13 17:17:05:573  [TID       6032][INFO    ] >> Custom configuration method [dmvcframework]
2020-07-13 17:17:05:573  [TID       6032][INFO    ] << Custom configuration method [dmvcframework]
2020-07-13 17:17:05:578  [TID       6032][INFO    ] GET:/api/servers [0:0:0:0:0:0:0:1] -> Controller.Server.TServerController.GetServers - 200 OK [dmvcframework]
2020-07-13 17:17:21:649  [TID       8448][INFO    ] GET:/api/servers/{00A077F6-6ACF-41AF-942A-501BE8FB80F8} [0:0:0:0:0:0:0:1] -> Controller.Server.TServerController.GetServer - 200 OK [dmvcframework]
2020-07-13 17:18:48:012  [TID       7104][INFO    ] POST:/api/servers/{00A077F6-6ACF-41AF-942A-501BE8FB80F8} [0:0:0:0:0:0:0:1] -> {NOT FOUND} - 404 Not Found [dmvcframework]
2020-07-13 17:19:20:703  [TID       7104][ERROR   ] [EMVCException] Not Found (Custom message: "POST /api/servers/{00A077F6-6ACF-41AF-942A-501BE8FB80F8}") [dmvcframework]
2020-07-13 17:20:17:797  [TID       6108][INFO    ] POST:/api/servers [0:0:0:0:0:0:0:1] -> Controller.Server.TServerController.CreateServer - 200 OK [dmvcframework]
2020-07-13 17:20:29:116  [TID      11540][INFO    ] GET:/api/servers [0:0:0:0:0:0:0:1] -> Controller.Server.TServerController.GetServers - 200 OK [dmvcframework]
2020-07-13 17:21:16:983  [TID      12256][INFO    ] GET:/api/servers/{09B44FAD-6137-4E20-A965-8E2D47041091} [0:0:0:0:0:0:0:1] -> Controller.Server.TServerController.GetServer - 200 OK [dmvcframework]
2020-07-13 17:21:42:083  [TID       8440][INFO    ] PUT:/api/servers/{09B44FAD-6137-4E20-A965-8E2D47041091} [0:0:0:0:0:0:0:1] -> Controller.Server.TServerController.UpdateServer - 200 OK [dmvcframework]
2020-07-13 17:21:51:446  [TID      11584][INFO    ] GET:/api/servers [0:0:0:0:0:0:0:1] -> Controller.Server.TServerController.GetServers - 200 OK [dmvcframework]
2020-07-13 17:23:34:486  [TID       8320][INFO    ] POST:/api/servers [0:0:0:0:0:0:0:1] -> Controller.Server.TServerController.CreateServer - 200 OK [dmvcframework]
2020-07-13 17:23:42:442  [TID      12264][INFO    ] POST:/api/servers [0:0:0:0:0:0:0:1] -> Controller.Server.TServerController.CreateServer - 200 OK [dmvcframework]
2020-07-13 17:23:55:260  [TID      11032][INFO    ] GET:/api/servers [0:0:0:0:0:0:0:1] -> Controller.Server.TServerController.GetServers - 200 OK [dmvcframework]
2020-07-13 17:24:39:488  [TID       2852][INFO    ] DELETE:/api/servers/{09B44FAD-6137-4E20-A965-8E2D47041091} [0:0:0:0:0:0:0:1] -> Controller.Server.TServerController.DeleteServer - 200 OK [dmvcframework]
2020-07-13 17:24:59:408  [TID       6800][INFO    ] GET:/api/servers [0:0:0:0:0:0:0:1] -> Controller.Server.TServerController.GetServers - 200 OK [dmvcframework]
2020-07-13 18:01:15:546  [TID       8780][INFO    ] Default Logger initialized [dmvcframework]
2020-07-13 18:01:15:546  [TID       8780][INFO    ] Server started on port 9000 [dmvcframework]
2020-07-13 18:01:19:377  [TID       4288][INFO    ] ENTER: Config default values [dmvcframework]
2020-07-13 18:01:19:377  [TID       4288][INFO    ] EXIT: Config default values [dmvcframework]
2020-07-13 18:01:19:377  [TID       4288][INFO    ] >> Custom configuration method [dmvcframework]
2020-07-13 18:01:19:377  [TID       4288][INFO    ] << Custom configuration method [dmvcframework]
2020-07-13 18:01:21:589  [TID       4288][ERROR   ] [EMVCActiveRecordNotFound] Data not found (Custom message: "") [dmvcframework]
2020-07-14 00:16:35:153  [TID      13472][INFO    ] Default Logger initialized [dmvcframework]
2020-07-14 00:16:35:168  [TID      13472][INFO    ] Server started on port 9000 [dmvcframework]
2020-07-14 00:16:42:533  [TID       6632][INFO    ] ENTER: Config default values [dmvcframework]
2020-07-14 00:16:42:533  [TID       6632][INFO    ] EXIT: Config default values [dmvcframework]
2020-07-14 00:16:42:533  [TID       6632][INFO    ] >> Custom configuration method [dmvcframework]
2020-07-14 00:16:42:533  [TID       6632][INFO    ] << Custom configuration method [dmvcframework]
2020-07-14 00:16:44:766  [TID       6632][ERROR   ] [EMVCActiveRecord] No current connection for thread (Custom message: "") [dmvcframework]
2020-07-14 00:16:56:323  [TID      11488][INFO    ] POST:/api/servers [0:0:0:0:0:0:0:1] -> Controller.Server.TServerController.CreateServer - 200 Servidor criado [dmvcframework]
2020-07-14 00:17:53:089  [TID       2824][ERROR   ] [EMVCActiveRecord] No current connection for thread (Custom message: "") [dmvcframework]
2020-07-14 00:23:03:519  [TID      14260][INFO    ] Default Logger initialized [dmvcframework]
2020-07-14 00:23:03:532  [TID      14260][INFO    ] Server started on port 9000 [dmvcframework]
2020-07-14 00:23:10:515  [TID       1280][INFO    ] ENTER: Config default values [dmvcframework]
2020-07-14 00:23:10:515  [TID       1280][INFO    ] EXIT: Config default values [dmvcframework]
2020-07-14 00:23:10:515  [TID       1280][INFO    ] >> Custom configuration method [dmvcframework]
2020-07-14 00:23:10:515  [TID       1280][INFO    ] << Custom configuration method [dmvcframework]
2020-07-14 00:23:10:537  [TID       1280][INFO    ] GET:/api/servers [0:0:0:0:0:0:0:1] -> Controller.Server.TServerController.GetServers - 200 OK [dmvcframework]
2020-07-14 17:11:55:677  [TID      12648][INFO    ] Default Logger initialized [dmvcframework]
2020-07-14 17:11:55:692  [TID      12648][INFO    ] Server started on port 9000 [dmvcframework]
2020-07-14 17:12:04:895  [TID      14112][INFO    ] ENTER: Config default values [dmvcframework]
2020-07-14 17:12:04:895  [TID      14112][INFO    ] EXIT: Config default values [dmvcframework]
2020-07-14 17:12:04:895  [TID      14112][INFO    ] >> Custom configuration method [dmvcframework]
2020-07-14 17:12:04:895  [TID      14112][INFO    ] << Custom configuration method [dmvcframework]
2020-07-14 17:12:05:242  [TID      14112][INFO    ] GET:/api/servers [0:0:0:0:0:0:0:1] -> Controller.Server.TServerController.GetServers - 200 OK [dmvcframework]
2020-07-14 17:12:06:506  [TID      16524][INFO    ] GET:/api/servers [0:0:0:0:0:0:0:1] -> Controller.Server.TServerController.GetServers - 200 OK [dmvcframework]
2020-07-14 17:12:40:725  [TID      12680][INFO    ] PUT:/api/servers/{09B44FAD-6137-4E20-A965-8E2D47041091} [0:0:0:0:0:0:0:1] -> Controller.Server.TServerController.UpdateServer - 200 Registro atualizado com sucesso. [dmvcframework]
2020-07-14 23:05:54:835  [TID       7892][INFO    ] Default Logger initialized [dmvcframework]
2020-07-14 23:05:54:878  [TID       7892][INFO    ] Server started on port 9000 [dmvcframework]
2020-07-14 23:58:42:660  [TID      12076][INFO    ] ENTER: Config default values [dmvcframework]
2020-07-14 23:58:42:660  [TID      12076][INFO    ] EXIT: Config default values [dmvcframework]
2020-07-14 23:58:42:660  [TID      12076][INFO    ] >> Custom configuration method [dmvcframework]
2020-07-14 23:58:42:660  [TID      12076][INFO    ] << Custom configuration method [dmvcframework]
2020-07-14 23:58:43:648  [TID      12076][INFO    ] GET:/api/servers/{4EA1664A-62C0-460F-900F-6814743899BC}/cameras [0:0:0:0:0:0:0:1] -> Controller.Camera.TCameraController.GetCameras - 200 OK [dmvcframework]
2020-07-15 11:48:14:989  [TID      14524][INFO    ] Default Logger initialized [dmvcframework]
2020-07-15 11:48:15:004  [TID      14524][INFO    ] Server started on port 9000 [dmvcframework]
2020-07-15 11:48:45:604  [TID      15968][INFO    ] ENTER: Config default values [dmvcframework]
2020-07-15 11:48:45:604  [TID      15968][INFO    ] EXIT: Config default values [dmvcframework]
2020-07-15 11:48:45:604  [TID      15968][INFO    ] >> Custom configuration method [dmvcframework]
2020-07-15 11:48:45:604  [TID      15968][INFO    ] << Custom configuration method [dmvcframework]
2020-07-15 11:48:45:895  [TID      15968][INFO    ] GET:/api/servers/{00A077F6-6ACF-41AF-942A-501BE8FB80F8} [0:0:0:0:0:0:0:1] -> Controller.Server.TServerController.GetServer - 200 OK [dmvcframework]
2020-07-15 12:06:49:840  [TID      12216][INFO    ] Default Logger initialized [dmvcframework]
2020-07-15 12:06:49:855  [TID      12216][INFO    ] Server started on port 9000 [dmvcframework]
2020-07-15 12:07:07:246  [TID      12356][INFO    ] ENTER: Config default values [dmvcframework]
2020-07-15 12:07:07:246  [TID      12356][INFO    ] EXIT: Config default values [dmvcframework]
2020-07-15 12:07:07:246  [TID      12356][INFO    ] >> Custom configuration method [dmvcframework]
2020-07-15 12:07:07:246  [TID      12356][INFO    ] << Custom configuration method [dmvcframework]
2020-07-15 12:07:07:250  [TID      12356][INFO    ] GET:/api/servers [0:0:0:0:0:0:0:1] -> Controller.Server.TServerController.GetServers - 200 OK [dmvcframework]
2020-07-15 12:14:28:043  [TID       7284][INFO    ] Default Logger initialized [dmvcframework]
2020-07-15 12:14:28:070  [TID       7284][INFO    ] Server started on port 9000 [dmvcframework]
2020-07-15 13:06:14:480  [TID      17940][INFO    ] Default Logger initialized [dmvcframework]
2020-07-15 13:06:14:480  [TID      17940][INFO    ] Server started on port 9000 [dmvcframework]
2020-07-15 13:06:24:616  [TID       9224][INFO    ] ENTER: Config default values [dmvcframework]
2020-07-15 13:06:24:616  [TID       9224][INFO    ] EXIT: Config default values [dmvcframework]
2020-07-15 13:06:24:616  [TID       9224][INFO    ] >> Custom configuration method [dmvcframework]
2020-07-15 13:06:24:616  [TID       9224][INFO    ] << Custom configuration method [dmvcframework]
2020-07-15 13:06:24:728  [TID       9224][INFO    ] POST:/api/servers/{4EA1664A-62C0-460F-900F-6814743899BC}/cameras [0:0:0:0:0:0:0:1] -> Controller.Camera.TCameraController.CreateCamera - 201 Câmera criada [dmvcframework]
2020-07-15 13:07:47:078  [TID       4196][INFO    ] PUT:/api/servers/{4EA1664A-62C0-460F-900F-6814743899BC}/cameras/3 [0:0:0:0:0:0:0:1] -> Controller.Camera.TCameraController.UpdateCamera - 200 Dados da câmera atualizados com sucesso. [dmvcframework]
2020-07-15 13:10:23:577  [TID      12448][INFO    ] Default Logger initialized [dmvcframework]
2020-07-15 13:10:23:591  [TID      12448][INFO    ] Server started on port 9000 [dmvcframework]
2020-07-15 13:10:29:878  [TID      10116][INFO    ] ENTER: Config default values [dmvcframework]
2020-07-15 13:10:29:878  [TID      10116][INFO    ] EXIT: Config default values [dmvcframework]
2020-07-15 13:10:29:878  [TID      10116][INFO    ] >> Custom configuration method [dmvcframework]
2020-07-15 13:10:29:878  [TID      10116][INFO    ] << Custom configuration method [dmvcframework]
2020-07-15 13:10:29:896  [TID      10116][INFO    ] DELETE:/api/servers/{4EA1664A-62C0-460F-900F-6814743899BC}/cameras/3 [0:0:0:0:0:0:0:1] -> Controller.Camera.TCameraController.DeleteCamera - 204 Câmera deletada com sucesso. [dmvcframework]
2020-07-15 13:10:53:134  [TID       4448][ERROR   ] [EAccessViolation] Access violation at address 00453E4E in module 'prjAPI.exe'. Read of address 8BC35B16 (Custom message: "Global Action Exception Handler") [dmvcframework]
2020-07-15 13:13:28:432  [TID      13512][INFO    ] Default Logger initialized [dmvcframework]
2020-07-15 13:13:28:432  [TID      13512][INFO    ] Server started on port 9000 [dmvcframework]
2020-07-15 13:13:32:416  [TID      16408][INFO    ] ENTER: Config default values [dmvcframework]
2020-07-15 13:13:32:416  [TID      16408][INFO    ] EXIT: Config default values [dmvcframework]
2020-07-15 13:13:32:416  [TID      16408][INFO    ] >> Custom configuration method [dmvcframework]
2020-07-15 13:13:32:416  [TID      16408][INFO    ] << Custom configuration method [dmvcframework]
2020-07-15 13:13:45:136  [TID      16408][INFO    ] GET:/api/servers/{4EA1664A-62C0-460F-900F-6814743899BC}/cameras/3 [0:0:0:0:0:0:0:1] -> Controller.Camera.TCameraController.GetCamera - 500 Erro interno do servidor [dmvcframework]
2020-07-15 18:58:15:361  [TID       9616][INFO    ] Default Logger initialized [dmvcframework]
2020-07-15 18:58:15:361  [TID       9616][INFO    ] Server started on port 9000 [dmvcframework]
2020-07-15 19:01:56:193  [TID       6380][INFO    ] ENTER: Config default values [dmvcframework]
2020-07-15 19:01:56:193  [TID       6380][INFO    ] EXIT: Config default values [dmvcframework]
2020-07-15 19:01:56:193  [TID       6380][INFO    ] >> Custom configuration method [dmvcframework]
2020-07-15 19:01:56:193  [TID       6380][INFO    ] << Custom configuration method [dmvcframework]
2020-07-15 19:02:08:639  [TID       6380][INFO    ] GET:/api/servers/{4EA1664A-62C0-460F-900F-6814743899BC}/cameras/3 [0:0:0:0:0:0:0:1] -> Controller.Camera.TCameraController.GetCamera - 500 Erro interno do servidor [dmvcframework]
2020-07-15 19:08:35:651  [TID      11844][INFO    ] Default Logger initialized [dmvcframework]
2020-07-15 19:08:35:651  [TID      11844][INFO    ] Server started on port 9000 [dmvcframework]
2020-07-15 19:09:01:852  [TID      13772][INFO    ] ENTER: Config default values [dmvcframework]
2020-07-15 19:09:01:852  [TID      13772][INFO    ] EXIT: Config default values [dmvcframework]
2020-07-15 19:09:01:852  [TID      13772][INFO    ] >> Custom configuration method [dmvcframework]
2020-07-15 19:09:01:852  [TID      13772][INFO    ] << Custom configuration method [dmvcframework]
2020-07-15 19:09:04:722  [TID      13772][INFO    ] GET:/api/servers/{4EA1664A-62C0-460F-900F-6814743899BC}/cameras/3 [0:0:0:0:0:0:0:1] -> Controller.Camera.TCameraController.GetCamera - 404 Câmera inexistente neste servidor [dmvcframework]
2020-07-15 19:22:21:175  [TID      14640][INFO    ] Default Logger initialized [dmvcframework]
2020-07-15 19:22:21:188  [TID      14640][INFO    ] Server started on port 9000 [dmvcframework]
2020-07-15 19:22:26:432  [TID       5804][INFO    ] ENTER: Config default values [dmvcframework]
2020-07-15 19:22:26:432  [TID       5804][INFO    ] EXIT: Config default values [dmvcframework]
2020-07-15 19:22:26:432  [TID       5804][INFO    ] >> Custom configuration method [dmvcframework]
2020-07-15 19:22:26:432  [TID       5804][INFO    ] << Custom configuration method [dmvcframework]
2020-07-15 19:22:29:756  [TID       5804][INFO    ] GET:/api/servers/{4EA1664A-62C0-460F-900F-6814743899BC}/cameras/3 [0:0:0:0:0:0:0:1] -> Controller.Camera.TCameraController.GetCamera - 404 Câmera inexistente neste servidor [dmvcframework]
2020-07-15 19:22:59:176  [TID       8272][INFO    ] GET:/api/servers/{4EA1664A-62C0-460F-900F-6814743899BD} [0:0:0:0:0:0:0:1] -> Controller.Server.TServerController.GetServer - 404 Servidor inexistente [dmvcframework]
2020-07-15 19:23:19:835  [TID       3676][INFO    ] GET:/api/servers/{4EA1664A-62C0-460F-900F-6814743899BD}/cameras/3 [0:0:0:0:0:0:0:1] -> Controller.Camera.TCameraController.GetCamera - 404 Câmera inexistente neste servidor [dmvcframework]
